---- 2026-01-19 06:30:01 START ----
[main 9e9f65b] auto: update generated files (2026-01-19 06:30:01)
 40 files changed, 1258 insertions(+), 98 deletions(-)
 create mode 100644 app/src/main/java/app/ui/common/BaseViewModel.java
 create mode 100644 app/src/main/java/app/ui/order/OrderScreen.java
 create mode 100644 app/src/main/java/app/usecase/order/CreateOrderInput.java
 create mode 100644 app/src/main/java/app/usecase/order/CreateOrderRepository.java
 create mode 100644 app/src/main/java/app/usecase/order/CreateOrderResult.java
 create mode 100644 app/src/main/java/app/usecase/order/CreateOrderUseCase.java
 create mode 100644 app/src/main/java/app/usecase/order/ListOrdersInput.java
 create mode 100644 app/src/main/java/app/usecase/order/ListOrdersRepository.java
 create mode 100644 app/src/main/java/app/usecase/order/ListOrdersResult.java
 create mode 100644 app/src/main/java/app/usecase/order/ListOrdersUseCase.java
 create mode 100644 app/src/main/java/app/viewmodel/order/OrderViewModel.java
 create mode 100644 app/src/main/java/foundation/cache/CachePolicy.md
 create mode 100644 app/src/main/java/foundation/cache/dao/BaseCacheDao.java
 create mode 100644 app/src/main/java/foundation/cache/dao/OrderCacheDao.java
 create mode 100644 app/src/main/java/foundation/cache/db/CacheDatabaseHelper.java
 create mode 100644 app/src/main/java/foundation/network/RpcClient.java
 create mode 100644 app/src/main/java/foundation/repository/RpcCreateOrderRepository.java
 create mode 100644 app/src/main/java/foundation/repository/RpcListOrdersRepository.java
 create mode 100644 app/src/main/java/foundation/repository/RpcRepository.java
 create mode 100644 app/src/main/java/foundation/sync/BaseSyncTask.java
 create mode 100644 app/src/main/java/foundation/sync/OrderSyncTask.java
 create mode 100644 app/src/main/java/foundation/sync/SyncCoordinator.java
 create mode 100644 app/src/main/java/foundation/work/SyncWorker.java
 create mode 100644 app/src/main/java/foundation/work/WorkScheduler.java
 create mode 100644 app/src/main/java/test/order/CreateOrderRpcNegativeTest.java
 create mode 100644 app/src/main/java/test/order/CreateOrderRpcTest.java
 create mode 100644 app/src/main/java/test/order/ListOrdersRpcNegativeTest.java
 create mode 100644 app/src/main/java/test/order/ListOrdersRpcTest.java
 create mode 100644 app/src/main/java/validation/order/CreateOrderSchemaValidator.java
 create mode 100644 app/src/main/java/validation/order/ListOrdersSchemaValidator.java
 create mode 100644 logs/auto_commit.log
 create mode 100755 scripts/cron_full_generate.sh
 create mode 100755 scripts/foundation_all.sh
 create mode 100755 scripts/full_generate.sh
 create mode 100644 scripts/setup_autonomous_block.sh
 rename spec/{usecases.yaml => usecases.schema.yaml} (100%)
 create mode 100755 tools/generate_viewmodel_and_cache.py
To https://github.com/lsassetmng-art/erp-foundation.git
 ! [remote rejected] main -> main (refusing to allow a Personal Access Token to create or update workflow `.github/workflows/ci.yml` without `workflow` scope)
error: failed to push some refs to 'https://github.com/lsassetmng-art/erp-foundation.git'
---- 2026-01-19 07:00:35 START ----
